Arguments: 
  /usr/local/bin/node /usr/local/bin/yarn add Web3Modal ethers

PATH: 
  /Library/Frameworks/Python.framework/Versions/3.8/bin:/Library/Frameworks/Python.framework/Versions/3.8/bin:/Library/Frameworks/Python.framework/Versions/3.8/bin:/Library/Frameworks/Python.framework/Versions/3.7/bin:/usr/local/bin:/usr/bin:/bin:/usr/sbin:/sbin:/Applications/VMware Fusion.app/Contents/Public:/Users/joseignacionaranjo/.cargo/bin:/Library/Frameworks/Python.framework/Versions/3.8/bin:/Library/Frameworks/Python.framework/Versions/3.7/bin

Yarn version: 
  1.22.17

Node version: 
  16.14.0

Platform: 
  darwin x64

Trace: 
  Error: https://registry.yarnpkg.com/Web3Modal: Not found
      at Request.params.callback [as _callback] (/usr/local/lib/node_modules/yarn/lib/cli.js:67029:18)
      at Request.self.callback (/usr/local/lib/node_modules/yarn/lib/cli.js:140883:22)
      at Request.emit (node:events:520:28)
      at Request.<anonymous> (/usr/local/lib/node_modules/yarn/lib/cli.js:141855:10)
      at Request.emit (node:events:520:28)
      at IncomingMessage.<anonymous> (/usr/local/lib/node_modules/yarn/lib/cli.js:141777:12)
      at Object.onceWrapper (node:events:639:28)
      at IncomingMessage.emit (node:events:532:35)
      at endReadableNT (node:internal/streams/readable:1346:12)
      at processTicksAndRejections (node:internal/process/task_queues:83:21)

npm manifest: 
  {
    "name": "NatureNFT-Marketplace",
    "version": "1.0.0",
    "description": "",
    "main": "index.js",
    "scripts": {
      "test": "echo \"Error: no test specified\" && exit 1"
    },
    "repository": {
      "type": "git",
      "url": "git+https://github.com/123-code/Nature_NFT-Marketplace.git"
    },
    "keywords": [],
    "author": "",
    "license": "ISC",
    "bugs": {
      "url": "https://github.com/123-code/Nature_NFT-Marketplace/issues"
    },
    "homepage": "https://github.com/123-code/Nature_NFT-Marketplace#readme",
    "dependencies": {
      "@nomiclabs/hardhat-waffle": "^2.0.3",
      "@testing-library/jest-dom": "^5.16.4",
      "@testing-library/react": "^13.2.0",
      "ethers": "^5.6.5",
      "hardhat": "^2.9.3",
      "react": "^18.1.0",
      "react-dom": "^18.1.0",
      "react-icons": "^4.3.1",
      "react-router-dom": "^6.3.0",
      "web-vitals": "^2.1.4"
    }
  }

yarn manifest: 
  No manifest

Lockfile: 
  No lockfile
